<?xml version="1.0" encoding="UTF-8"?>
<testng-results ignored="0" total="2" passed="2" failed="0" skipped="0">
  <reporter-output>
  </reporter-output>
  <suite started-at="2024-01-08T11:19:31 IST" name="Default suite" finished-at="2024-01-08T11:19:37 IST" duration-ms="6549">
    <groups>
    </groups>
    <test started-at="2024-01-08T11:19:31 IST" name="Default test" finished-at="2024-01-08T11:19:37 IST" duration-ms="6549">
      <class name="org.petstore.RestServices2">
        <test-method signature="addPet(int,java.lang.String)[pri:1, instance:org.petstore.RestServices2@d5b810e]" started-at="2024-01-08T11:19:31 IST" name="addPet" data-provider="pet" finished-at="2024-01-08T11:19:36 IST" duration-ms="5110" status="PASS">
          <params>
            <param index="0">
              <value>
                <![CDATA[250]]>
              </value>
            </param>
            <param index="1">
              <value>
                <![CDATA[Vasi]]>
              </value>
            </param>
          </params>
          <reporter-output>
          </reporter-output>
        </test-method> <!-- addPet -->
        <test-method signature="retrievePet()[pri:2, instance:org.petstore.RestServices2@d5b810e]" started-at="2024-01-08T11:19:36 IST" name="retrievePet" finished-at="2024-01-08T11:19:37 IST" duration-ms="1331" status="PASS">
          <reporter-output>
          </reporter-output>
        </test-method> <!-- retrievePet -->
      </class> <!-- org.petstore.RestServices2 -->
    </test> <!-- Default test -->
  </suite> <!-- Default suite -->
</testng-results>
